<?xml version="1.0" encoding="UTF-8"?>
<!-- Generated by org.testng.reporters.JUnitReportReporter -->
<testsuite hostname="DESKTOP-C4LC40M" failures="0" tests="1" name="TestLayer.LoginPageTest" time="19.850" errors="0" timestamp="2023-03-13T16:45:06 IST" skipped="0">
  <testcase classname="TestLayer.LoginPageTest" name="validateLoginFunctionality" time="19.850"/>
  <system-out/>
</testsuite> <!-- TestLayer.LoginPageTest -->
